Arguments: 
  /usr/local/bin/node /usr/local/Cellar/yarn/1.12.3/libexec/bin/yarn.js lint

PATH: 
  /usr/local/Cellar/nodenv/1.2.0/libexec:/Users/erikmoore/Library/Python/3.7/bin:/bin:/Users/erikmoore/.nodenv/shims:/usr/local/bin:/usr/local/sbin:/usr/local/bin:/usr/bin:/bin:/usr/sbin:/sbin:/usr/local/go/bin

Yarn version: 
  1.12.3

Node version: 
  10.11.0

Platform: 
  darwin x64

Trace: 
  SyntaxError: /Users/erikmoore/code/react-redux-boilerplate/package.json: Unexpected token } in JSON at position 424
      at JSON.parse (<anonymous>)
      at /usr/local/Cellar/yarn/1.12.3/libexec/lib/cli.js:1631:59
      at Generator.next (<anonymous>)
      at step (/usr/local/Cellar/yarn/1.12.3/libexec/lib/cli.js:304:30)
      at /usr/local/Cellar/yarn/1.12.3/libexec/lib/cli.js:315:13

npm manifest: 
  {
    "name": "react-redux-boilerplate",
    "version": "0.0.0",
    "main": "index.js",
    "repository": "git@github.com:averagebeard/react-redux-boilerplate.git",
    "author": "Erik Moore <erikmoore02@gmail.com>",
    "license": "MIT",
    "scripts": {
      "build": "webpack --config webpack.prod.babel.js",
      "lint": "$(npm bin)/eslint src",
      "flow": "flow",
      "start": "webpack-dev-server --config webpack.dev.babel.js"
    },
  }

yarn manifest: 
  No manifest

Lockfile: 
  # THIS IS AN AUTOGENERATED FILE. DO NOT EDIT THIS FILE DIRECTLY.
  # yarn lockfile v1
